This is pdfeTeX, Version 3.141592-1.21a-2.2 (Web2C 7.5.4) (format=latex 2005.7.6)  18 OCT 2005 18:21
entering extended mode
**abtlinux.tex
(./abtlinux.tex
LaTeX2e <2003/12/01>
Babel <v3.8d> and hyphenation patterns for american, french, german, ngerman, b
ahasa, basque, bulgarian, catalan, croatian, czech, danish, dutch, esperanto, e
stonian, finnish, greek, icelandic, irish, italian, latin, magyar, norsk, polis
h, portuges, romanian, russian, serbian, slovak, slovene, spanish, swedish, tur
kish, ukrainian, nohyphenation, loaded.
(/usr/share/texmf/tex/latex/base/article.cls
Document Class: article 2004/02/16 v1.4f Standard LaTeX document class
(/usr/share/texmf/tex/latex/base/size10.clo
File: size10.clo 2004/02/16 v1.4f Standard LaTeX file (size option)
)
\c@part=\count79
\c@section=\count80
\c@subsection=\count81
\c@subsubsection=\count82
\c@paragraph=\count83
\c@subparagraph=\count84
\c@figure=\count85
\c@table=\count86
\abovecaptionskip=\skip41
\belowcaptionskip=\skip42
\bibindent=\dimen102
) (./abt.sty
(/usr/share/texmf/tex/latex/amsfonts/amssymb.sty
Package: amssymb 2002/01/22 v2.2d

(/usr/share/texmf/tex/latex/amsfonts/amsfonts.sty
Package: amsfonts 2001/10/25 v2.2f
\@emptytoks=\toks14
\symAMSa=\mathgroup4
\symAMSb=\mathgroup5
LaTeX Font Info:    Overwriting math alphabet `\mathfrak' in version `bold'
(Font)                  U/euf/m/n --> U/euf/b/n on input line 132.
))
(/usr/share/texmf/tex/latex/amsmath/amsmath.sty
Package: amsmath 2000/07/18 v2.13 AMS math features
\@mathmargin=\skip43

For additional information on amsmath, use the `?' option.
(/usr/share/texmf/tex/latex/amsmath/amstext.sty
Package: amstext 2000/06/29 v2.01

(/usr/share/texmf/tex/latex/amsmath/amsgen.sty
File: amsgen.sty 1999/11/30 v2.0
\@emptytoks=\toks15
\ex@=\dimen103
))
(/usr/share/texmf/tex/latex/amsmath/amsbsy.sty
Package: amsbsy 1999/11/29 v1.2d
\pmbraise@=\dimen104
)
(/usr/share/texmf/tex/latex/amsmath/amsopn.sty
Package: amsopn 1999/12/14 v2.01 operator names
)
\inf@bad=\count87
LaTeX Info: Redefining \frac on input line 211.
\uproot@=\count88
\leftroot@=\count89
LaTeX Info: Redefining \overline on input line 307.
\classnum@=\count90
\DOTSCASE@=\count91
LaTeX Info: Redefining \ldots on input line 379.
LaTeX Info: Redefining \dots on input line 382.
LaTeX Info: Redefining \cdots on input line 467.
\Mathstrutbox@=\box26
\strutbox@=\box27
\big@size=\dimen105
LaTeX Font Info:    Redeclaring font encoding OML on input line 567.
LaTeX Font Info:    Redeclaring font encoding OMS on input line 568.
\macc@depth=\count92
\c@MaxMatrixCols=\count93
\dotsspace@=\muskip10
\c@parentequation=\count94
\dspbrk@lvl=\count95
\tag@help=\toks16
\row@=\count96
\column@=\count97
\maxfields@=\count98
\andhelp@=\toks17
\eqnshift@=\dimen106
\alignsep@=\dimen107
\tagshift@=\dimen108
\tagwidth@=\dimen109
\totwidth@=\dimen110
\lineht@=\dimen111
\@envbody=\toks18
\multlinegap=\skip44
\multlinetaggap=\skip45
\mathdisplay@stack=\toks19
LaTeX Info: Redefining \[ on input line 2666.
LaTeX Info: Redefining \] on input line 2667.
)
(/usr/share/texmf/tex/latex/tools/theorem.sty
Package: theorem 1995/11/23 v2.2c Theorem extension package (FMi)
\theorem@style=\toks20
\theorem@bodyfont=\toks21
\theorempreskipamount=\skip46
\theorempostskipamount=\skip47

(/usr/share/texmf/tex/latex/tools/thp.sty
File: thp.sty 1995/11/23 v2.2c Theorem extension package (FMi)
))
(/usr/share/texmf/tex/latex/germbib/apalike.sty
\bibhang=\skip48
)
(/usr/share/texmf/tex/latex/graphics/graphicx.sty
Package: graphicx 1999/02/16 v1.0f Enhanced LaTeX Graphics (DPC,SPQR)

(/usr/share/texmf/tex/latex/graphics/keyval.sty
Package: keyval 1999/03/16 v1.13 key=value parser (DPC)
\KV@toks@=\toks22
)
(/usr/share/texmf/tex/latex/graphics/graphics.sty
Package: graphics 2001/07/07 v1.0n Standard LaTeX Graphics (DPC,SPQR)

(/usr/share/texmf/tex/latex/graphics/trig.sty
Package: trig 1999/03/16 v1.09 sin cos tan (DPC)
)
(/usr/share/texmf/tex/latex/graphics/graphics.cfg
File: graphics.cfg 2005/02/03 v1.3 graphics configuration of teTeX/TeXLive
)
Package graphics Info: Driver file: dvips.def on input line 80.

(/usr/share/texmf/tex/latex/graphics/dvips.def
File: dvips.def 1999/02/16 v3.0i Driver-dependant file (DPC,SPQR)
))
\Gin@req@height=\dimen112
\Gin@req@width=\dimen113
)
(/usr/share/texmf/tex/latex/tools/tabularx.sty
Package: tabularx 1999/01/07 v2.07 `tabularx' package (DPC)

(/usr/share/texmf/tex/latex/tools/array.sty
Package: array 2003/12/17 v2.4a Tabular extension package (FMi)
\col@sep=\dimen114
\extrarowheight=\dimen115
\NC@list=\toks23
\extratabsurround=\skip49
\backup@length=\skip50
)
\TX@col@width=\dimen116
\TX@old@table=\dimen117
\TX@old@col=\dimen118
\TX@target=\dimen119
\TX@delta=\dimen120
\TX@cols=\count99
\TX@ftn=\toks24
)
(/usr/share/texmf/tex/latex/psnfss/palatino.sty
Package: palatino 2004/09/15 PSNFSS-v9.2 (SPQR) 
)
(/usr/share/texmf/tex/latex/html/url.sty
Package: url 1999/03/02  ver 1.4  Verb mode for urls, email addresses, and file
 names
)
(/usr/share/texmf/tex/latex/base/textcomp.sty
Package: textcomp 2004/02/22 v1.99f Standard LaTeX package
Package textcomp Info: Sub-encoding information:
(textcomp)               5 = only ISO-Adobe without \textcurrency
(textcomp)               4 = 5 + \texteuro
(textcomp)               3 = 4 + \textohm
(textcomp)               2 = 3 + \textestimated + \textcurrency
(textcomp)               1 = TS1 - \textcircled - \t
(textcomp)               0 = TS1 (full)
(textcomp)             Font families with sub-encoding setting implement
(textcomp)             only a restricted character set as indicated.
(textcomp)             Family '?' is the default used for unknown fonts.
(textcomp)             See the documentation for details.
Package textcomp Info: Setting ? sub-encoding to TS1/1 on input line 71.

(/usr/share/texmf/tex/latex/base/ts1enc.def
File: ts1enc.def 2001/06/05 v3.0e (jk/car/fm) Standard LaTeX file
)
LaTeX Info: Redefining \oldstylenums on input line 266.
Package textcomp Info: Setting cmr sub-encoding to TS1/0 on input line 281.
Package textcomp Info: Setting cmss sub-encoding to TS1/0 on input line 282.
Package textcomp Info: Setting cmtt sub-encoding to TS1/0 on input line 283.
Package textcomp Info: Setting cmvtt sub-encoding to TS1/0 on input line 284.
Package textcomp Info: Setting cmbr sub-encoding to TS1/0 on input line 285.
Package textcomp Info: Setting cmtl sub-encoding to TS1/0 on input line 286.
Package textcomp Info: Setting ccr sub-encoding to TS1/0 on input line 287.
Package textcomp Info: Setting ptm sub-encoding to TS1/4 on input line 288.
Package textcomp Info: Setting pcr sub-encoding to TS1/4 on input line 289.
Package textcomp Info: Setting phv sub-encoding to TS1/4 on input line 290.
Package textcomp Info: Setting ppl sub-encoding to TS1/3 on input line 291.
Package textcomp Info: Setting pag sub-encoding to TS1/4 on input line 292.
Package textcomp Info: Setting pbk sub-encoding to TS1/4 on input line 293.
Package textcomp Info: Setting pnc sub-encoding to TS1/4 on input line 294.
Package textcomp Info: Setting pzc sub-encoding to TS1/4 on input line 295.
Package textcomp Info: Setting bch sub-encoding to TS1/4 on input line 296.
Package textcomp Info: Setting put sub-encoding to TS1/5 on input line 297.
Package textcomp Info: Setting uag sub-encoding to TS1/5 on input line 298.
Package textcomp Info: Setting ugq sub-encoding to TS1/5 on input line 299.
Package textcomp Info: Setting ul8 sub-encoding to TS1/4 on input line 300.
Package textcomp Info: Setting ul9 sub-encoding to TS1/4 on input line 301.
Package textcomp Info: Setting augie sub-encoding to TS1/5 on input line 302.
Package textcomp Info: Setting dayrom sub-encoding to TS1/3 on input line 303.
Package textcomp Info: Setting dayroms sub-encoding to TS1/3 on input line 304.

Package textcomp Info: Setting pxr sub-encoding to TS1/0 on input line 305.
Package textcomp Info: Setting pxss sub-encoding to TS1/0 on input line 306.
Package textcomp Info: Setting pxtt sub-encoding to TS1/0 on input line 307.
Package textcomp Info: Setting txr sub-encoding to TS1/0 on input line 308.
Package textcomp Info: Setting txss sub-encoding to TS1/0 on input line 309.
Package textcomp Info: Setting txtt sub-encoding to TS1/0 on input line 310.
Package textcomp Info: Setting futs sub-encoding to TS1/4 on input line 311.
Package textcomp Info: Setting futx sub-encoding to TS1/4 on input line 312.
Package textcomp Info: Setting futj sub-encoding to TS1/4 on input line 313.
Package textcomp Info: Setting hlh sub-encoding to TS1/3 on input line 314.
Package textcomp Info: Setting hls sub-encoding to TS1/3 on input line 315.
Package textcomp Info: Setting hlst sub-encoding to TS1/3 on input line 316.
Package textcomp Info: Setting hlct sub-encoding to TS1/5 on input line 317.
Package textcomp Info: Setting hlx sub-encoding to TS1/5 on input line 318.
Package textcomp Info: Setting hlce sub-encoding to TS1/5 on input line 319.
Package textcomp Info: Setting hlcn sub-encoding to TS1/5 on input line 320.
Package textcomp Info: Setting hlcw sub-encoding to TS1/5 on input line 321.
Package textcomp Info: Setting hlcf sub-encoding to TS1/5 on input line 322.
Package textcomp Info: Setting pplx sub-encoding to TS1/3 on input line 323.
Package textcomp Info: Setting pplj sub-encoding to TS1/3 on input line 324.
Package textcomp Info: Setting ptmx sub-encoding to TS1/4 on input line 325.
Package textcomp Info: Setting ptmj sub-encoding to TS1/4 on input line 326.
)
(/usr/share/texmf/tex/latex/subfigure/subfigure.sty
Package: subfigure 2002/07/30 v2.1.4 subfigure package
\subfigtopskip=\skip51
\subfigcapskip=\skip52
\subfigcaptopadj=\dimen121
\subfigbottomskip=\skip53
\subfigcapmargin=\dimen122
\subfiglabelskip=\skip54
\c@subfigure=\count100
\c@lofdepth=\count101
\c@subtable=\count102
\c@lotdepth=\count103

****************************************
* Local config file subfigure.cfg used *
****************************************
(/usr/share/texmf/tex/latex/subfigure/subfigure.cfg)
\subfig@top=\skip55
\subfig@bottom=\skip56
)
(/usr/share/texmf/tex/latex/float/float.sty
Package: float 2001/11/08 v1.3d Float enhancements (AL)
\c@float@type=\count104
\float@exts=\toks25
\float@box=\box28
\@float@everytoks=\toks26
\@floatcapt=\box29
)
\c@definition=\count105
\c@axiom=\count106
\c@lemma=\count107
\c@corollary=\count108
) (./abtlinux.aux)
\openout1 = `abtlinux.aux'.

LaTeX Font Info:    Checking defaults for OML/cmm/m/it on input line 4.
LaTeX Font Info:    ... okay on input line 4.
LaTeX Font Info:    Checking defaults for T1/cmr/m/n on input line 4.
LaTeX Font Info:    ... okay on input line 4.
LaTeX Font Info:    Checking defaults for OT1/cmr/m/n on input line 4.
LaTeX Font Info:    ... okay on input line 4.
LaTeX Font Info:    Checking defaults for OMS/cmsy/m/n on input line 4.
LaTeX Font Info:    ... okay on input line 4.
LaTeX Font Info:    Checking defaults for OMX/cmex/m/n on input line 4.
LaTeX Font Info:    ... okay on input line 4.
LaTeX Font Info:    Checking defaults for U/cmr/m/n on input line 4.
LaTeX Font Info:    ... okay on input line 4.
LaTeX Font Info:    Checking defaults for TS1/cmr/m/n on input line 4.
LaTeX Font Info:    Try loading font information for TS1+cmr on input line 4.

(/usr/share/texmf/tex/latex/base/ts1cmr.fd
File: ts1cmr.fd 1999/05/25 v2.5h Standard LaTeX font definitions
)
LaTeX Font Info:    ... okay on input line 4.
LaTeX Font Info:    Try loading font information for OT1+ppl on input line 4.

(/usr/share/texmf/tex/latex/psnfss/ot1ppl.fd
File: ot1ppl.fd 2001/06/04 font definitions for OT1/ppl.
)
LaTeX Font Info:    Try loading font information for U+msa on input line 10.

(/usr/share/texmf/tex/latex/amsfonts/umsa.fd
File: umsa.fd 2002/01/19 v2.2g AMS font definitions
)
LaTeX Font Info:    Try loading font information for U+msb on input line 10.

(/usr/share/texmf/tex/latex/amsfonts/umsb.fd
File: umsb.fd 2002/01/19 v2.2g AMS font definitions
)
LaTeX Font Info:    Try loading font information for OT1+pcr on input line 10.

(/usr/share/texmf/tex/latex/psnfss/ot1pcr.fd
File: ot1pcr.fd 2001/06/04 font definitions for OT1/pcr.
) (./abstract.tex
LaTeX Font Info:    Font shape `OT1/ppl/bx/n' in size <9> not available
(Font)              Font shape `OT1/ppl/b/n' tried instead on input line 1.
)
(./introduction.tex
LaTeX Font Info:    Font shape `OT1/ppl/bx/n' in size <14.4> not available
(Font)              Font shape `OT1/ppl/b/n' tried instead on input line 1.
LaTeX Font Info:    Font shape `OT1/ppl/bx/n' in size <10> not available
(Font)              Font shape `OT1/ppl/b/n' tried instead on input line 6.
 [1

]
LaTeX Font Info:    Font shape `OT1/ppl/bx/n' in size <12> not available
(Font)              Font shape `OT1/ppl/b/n' tried instead on input line 30.
LaTeX Font Info:    Try loading font information for TS1+ppl on input line 35.
 (/usr/share/texmf/tex/latex/psnfss/ts1ppl.fd
File: ts1ppl.fd 2001/06/04 font definitions for TS1/ppl.
))
(./usecases.tex
LaTeX Font Info:    Try loading font information for OMS+ppl on input line 26.
 (/usr/share/texmf/tex/latex/psnfss/omsppl.fd
File: omsppl.fd 
)
LaTeX Font Info:    Font shape `OMS/ppl/m/n' in size <10> not available
(Font)              Font shape `OMS/cmsy/m/n' tried instead on input line 26.
 [2]
(./cases/install-package-case.tex
Underfull \hbox (badness 3168) in paragraph at lines 44--44
[]\OT1/ppl/m/n/10 Package sources (build di-rec-to-ries) are
 []

[3] [4]
Underfull \hbox (badness 1024) in paragraph at lines 77--77
[]\OT1/ppl/m/n/10 The \OT1/ppl/m/it/10 de-tails/pre/prebuild/preinstall/post \O
T1/ppl/m/n/10 sec-tions fail,
 []


Overfull \hbox (15.0pt too wide) in paragraph at lines 77--78
[][] 
 []

) [5] (./cases/reinstall-package-case.tex
Underfull \hbox (badness 1509) in paragraph at lines 46--46
[]\OT1/ppl/m/n/10 Previous con-fig-u-ra-tion de-tails avail-able,
 []


Underfull \hbox (badness 3168) in paragraph at lines 46--46
[]\OT1/ppl/m/n/10 Package sources (build di-rec-to-ries) are
 []


Overfull \vbox (100.99973pt too high) has occurred while \output is active []


[6]
Underfull \hbox (badness 2698) in paragraph at lines 78--78
[]\OT1/ppl/m/n/10 Any pre-vi-ous times-tamped (un-suc-cess-ful re-in-
 []


Overfull \hbox (15.0pt too wide) in paragraph at lines 78--79
[][] 
 []

) [7] (./cases/remove-package-case.tex
Underfull \hbox (badness 1127) in paragraph at lines 60--60
[]\OT1/ppl/m/n/10 Copy of pack-age data (de-tail, pre,
 []

) [8] (./cases/downgrade-package-case.tex
Underfull \hbox (badness 2644) in paragraph at lines 47--47
\OT1/ppl/m/n/10 stalled, down-grad-ing in-stalled pack-age
 []

) [9] (./cases/freeze-package-case.tex
Underfull \hbox (badness 1400) in paragraph at lines 50--50
[]\OT1/ppl/m/n/10 User is no-ti-fied that pack-age has been
 []


Underfull \hbox (badness 2961) in paragraph at lines 50--50
[]\OT1/ppl/m/n/10 Package has been marked with sta-tus
 []

) [10] (./cases/show-package-details-case.tex
Underfull \hbox (badness 1609) in paragraph at lines 41--41
[]\OT1/ppl/m/n/10 available ver-sion (from abt repos-i-
 []

) [11] (./cases/show-installed-packages-case.tex
Underfull \hbox (badness 3579) in paragraph at lines 40--40
[]\OT1/ppl/m/n/10 List pre-sented con-tain-ing the in-stalled
 []

) [12] (./cases/show-package-install-case.tex) [13]
(./cases/show-package-build-case.tex) [14]
(./cases/show-frozen-packages-case.tex) [15]
(./cases/show-package-depends-case.tex) [16]
(./cases/show-untracked-files-case.tex) [17] (./cases/show-journal-case.tex)
[18] (./cases/show-file-owner-case.tex) [19]
(./cases/search-package-descriptions-case.tex) [20]
(./cases/show-install-queue-case.tex) [21]
(./cases/show-available-patches-case.tex) [22]
(./cases/list-package-updates-case.tex) [23]
(./cases/HTML-package-listing-case.tex) [24]
(./cases/pull-package-sources-case.tex) [25]
(./cases/pull-package-tree-case.tex
Underfull \hbox (badness 2042) in paragraph at lines 36--36
[]|\OT1/ppl/m/n/10 Package tree has been down-loaded and in-
 []

) [26] (./cases/pull-patches-case.tex
Underfull \hbox (badness 1424) in paragraph at lines 36--36
[]\OT1/ppl/m/n/10 User re-quests for patches to be down-
 []

) [27] (./cases/pull-news-feed-case.tex) [28]
(./cases/log-package-install-case.tex
Underfull \hbox (badness 10000) in paragraph at lines 39--39
[]\OT1/ppl/m/n/10 File in fol-low-ing di-rec-to-ries are not
 []

) [29] (./cases/log-package-files-integrity-case.tex
Underfull \hbox (badness 1910) in paragraph at lines 34--34
[]|\OT1/ppl/m/n/10 Package files in-tegrity in-for-ma-tion has been
 []

) [30] (./cases/log-package-build-case.tex) [31] (./cases/log-journal-case.tex)
[32] (./cases/log-package-cache-case.tex) [33]
(./cases/purge-old-package-sources-case.tex) [34]
(./cases/purge-old-logs-case.tex
Underfull \hbox (badness 1789) in paragraph at lines 33--33
[]\OT1/ppl/m/n/10 Eventual cache logs are re-moved from
 []

) [35] (./cases/verify-installed-package-files-case.tex
Underfull \hbox (badness 8056) in paragraph at lines 33--33
[]\OT1/ppl/m/n/10 Installed files for given pack-age are
 []


Underfull \hbox (badness 1062) in paragraph at lines 33--33
\OT1/ppl/m/n/10 checked if they ex-ist by com-par-i-son to
 []

) [36] (./cases/verify-installed-package-symlinks-case.tex
Underfull \hbox (badness 1436) in paragraph at lines 33--33
[]|\OT1/ppl/m/n/10 Verify that the given pack-ages sym-links are
 []


Underfull \hbox (badness 1062) in paragraph at lines 33--33
\OT1/ppl/m/n/10 checked if they ex-ist by com-par-i-son to
 []

) [37] (./cases/verify-installed-package-deps-case.tex
Underfull \hbox (badness 2698) in paragraph at lines 35--35
[]\OT1/ppl/m/n/10 Dependency en-gine used to de-ter-mine
 []


Underfull \hbox (badness 1675) in paragraph at lines 35--35
[]\OT1/ppl/m/n/10 Installed files for each de-pen-dency are
 []

) [38] (./cases/verify-installed-package-integrity-case.tex) [39]
(./cases/fix-package-case.tex
Underfull \hbox (badness 3068) in paragraph at lines 51--51
[]\OT1/ppl/m/n/10 Installed files are checked for in-
 []


Underfull \hbox (badness 2875) in paragraph at lines 51--51
[]\OT1/ppl/m/n/10 After pack-age(s) checked, overview of
 []

) [40] (./cases/patch-package-update-case.tex
Underfull \hbox (badness 1033) in paragraph at lines 37--37
[]\OT1/ppl/m/n/10 Package is up-dated with patch or new
 []


Underfull \hbox (badness 2856) in paragraph at lines 37--37
\OT1/ppl/m/n/10 pack-age de-scrip-tion and left in in-stall
 []

) [41] (./cases/patch-package-tree-update-case.tex) [42]
(./cases/central-build-case.tex
Underfull \hbox (badness 3919) in paragraph at lines 40--40
[]|\OT1/ppl/m/n/10 Allows a sin-gle ma-chine to func-tion as a
 []

) [43] (./cases/source-location-package-tree-case.tex) [44]) (./design.tex
[45]) (./thanks.tex [46] [47] [48]) (./abtlinux.bbl) [49] (./abtlinux.aux) ) 
Here is how much of TeX's memory you used:
 2555 strings out of 94500
 33856 string characters out of 1176772
 771675 words of memory out of 4223327
 5545 multiletter control sequences out of 10000+50000
 14802 words of font info for 53 fonts, out of 500000 for 2000
 580 hyphenation exceptions out of 1000
 34i,11n,26p,316b,342s stack positions out of 1500i,500n,5000p,200000b,5000s

Output written on abtlinux.dvi (49 pages, 85816 bytes).
